Determining if the pthread_create exist failed with the following output:
Change Dir: /home/nemo/Documents/elasticfusion-lccp-recognition/GUI/build/CMakeFiles/CMakeTmp

Run Build Command:"/usr/bin/make" "cmTC_ffd3e/fast"
/usr/bin/make -f CMakeFiles/cmTC_ffd3e.dir/build.make CMakeFiles/cmTC_ffd3e.dir/build
make[1]: Entering directory '/home/nemo/Documents/elasticfusion-lccp-recognition/GUI/build/CMakeFiles/CMakeTmp'
Building C object CMakeFiles/cmTC_ffd3e.dir/CheckSymbolExists.c.o
/usr/bin/cc    -fPIC    -o CMakeFiles/cmTC_ffd3e.dir/CheckSymbolExists.c.o   -c /home/nemo/Documents/elasticfusion-lccp-recognition/GUI/build/CMakeFiles/CMakeTmp/CheckSymbolExists.c
Linking C executable cmTC_ffd3e
/usr/bin/cmake -E cmake_link_script CMakeFiles/cmTC_ffd3e.dir/link.txt --verbose=1
/usr/bin/cc  -fPIC     CMakeFiles/cmTC_ffd3e.dir/CheckSymbolExists.c.o  -o cmTC_ffd3e -rdynamic 
CMakeFiles/cmTC_ffd3e.dir/CheckSymbolExists.c.o: In function `main':
CheckSymbolExists.c:(.text+0x1b): undefined reference to `pthread_create'
collect2: error: ld returned 1 exit status
CMakeFiles/cmTC_ffd3e.dir/build.make:97: recipe for target 'cmTC_ffd3e' failed
make[1]: *** [cmTC_ffd3e] Error 1
make[1]: Leaving directory '/home/nemo/Documents/elasticfusion-lccp-recognition/GUI/build/CMakeFiles/CMakeTmp'
Makefile:126: recipe for target 'cmTC_ffd3e/fast' failed
make: *** [cmTC_ffd3e/fast] Error 2

File /home/nemo/Documents/elasticfusion-lccp-recognition/GUI/build/CMakeFiles/CMakeTmp/CheckSymbolExists.c:
/* */
#include <pthread.h>

int main(int argc, char** argv)
{
  (void)argv;
#ifndef pthread_create
  return ((int*)(&pthread_create))[argc];
#else
  (void)argc;
  return 0;
#endif
}

Determining if the function pthread_create exists in the pthreads failed with the following output:
Change Dir: /home/nemo/Documents/elasticfusion-lccp-recognition/GUI/build/CMakeFiles/CMakeTmp

Run Build Command:"/usr/bin/make" "cmTC_9bbf0/fast"
/usr/bin/make -f CMakeFiles/cmTC_9bbf0.dir/build.make CMakeFiles/cmTC_9bbf0.dir/build
make[1]: Entering directory '/home/nemo/Documents/elasticfusion-lccp-recognition/GUI/build/CMakeFiles/CMakeTmp'
Building C object CMakeFiles/cmTC_9bbf0.dir/CheckFunctionExists.c.o
/usr/bin/cc    -fPIC -DCHECK_FUNCTION_EXISTS=pthread_create   -o CMakeFiles/cmTC_9bbf0.dir/CheckFunctionExists.c.o   -c /usr/share/cmake-3.5/Modules/CheckFunctionExists.c
Linking C executable cmTC_9bbf0
/usr/bin/cmake -E cmake_link_script CMakeFiles/cmTC_9bbf0.dir/link.txt --verbose=1
/usr/bin/cc  -fPIC -DCHECK_FUNCTION_EXISTS=pthread_create    CMakeFiles/cmTC_9bbf0.dir/CheckFunctionExists.c.o  -o cmTC_9bbf0 -rdynamic -lpthreads 
/usr/bin/ld: cannot find -lpthreads
collect2: error: ld returned 1 exit status
CMakeFiles/cmTC_9bbf0.dir/build.make:97: recipe for target 'cmTC_9bbf0' failed
make[1]: *** [cmTC_9bbf0] Error 1
make[1]: Leaving directory '/home/nemo/Documents/elasticfusion-lccp-recognition/GUI/build/CMakeFiles/CMakeTmp'
Makefile:126: recipe for target 'cmTC_9bbf0/fast' failed
make: *** [cmTC_9bbf0/fast] Error 2


